<?xml version="1.0" encoding="UTF-8"?>
<!-- Generated by org.testng.reporters.JUnitReportReporter -->
<testsuite hostname="52E" failures="0" tests="2" name="runner.TestRunner" time="7.150" errors="0" timestamp="2023-11-30T18:22:08 IST" skipped="0">
  <testcase classname="runner.TestRunner" name="runScenario" time="4.092"/>
  <system-out/>
  <testcase classname="runner.TestRunner" name="runScenario" time="3.058"/>
  <system-out/>
</testsuite> <!-- runner.TestRunner -->
